<?xml version="1.0" encoding="UTF-8"?>
<!-- Generated by org.testng.reporters.JUnitXMLReporter -->
<testsuite ignored="0" hostname="DESKTOP-R7VTC6A" failures="0" tests="36" name="AccessqueApiResponseReport" time="107.033" errors="0" timestamp="2022-08-29T18:00:46 IST">
  <testcase classname="PackageAccessQue.allPagesAPIresponse" name="TC01_AgentSIgnIn" time="3.388"/>
  <testcase classname="PackageAccessQue.allPagesAPIresponse" name="TC02_AdminRole" time="1.157"/>
  <testcase classname="PackageAccessQue.allPagesAPIresponse" name="TC03_DashboardProject" time="1.179"/>
  <testcase classname="PackageAccessQue.allPagesAPIresponse" name="TC04_CallsByAgent" time="1.15"/>
  <testcase classname="PackageAccessQue.allPagesAPIresponse" name="TC05_PasswordVerifcation" time="1.109"/>
  <testcase classname="PackageAccessQue.allPagesAPIresponse" name="TC06_GetAgentNames" time="1.115"/>
  <testcase classname="PackageAccessQue.allPagesAPIresponse" name="TC07_ListOfMyNotifications" time="1.193"/>
  <testcase classname="PackageAccessQue.allPagesAPIresponse" name="TC08_ListOfMyNotifications" time="1.182"/>
  <testcase classname="PackageAccessQue.allPagesAPIresponse" name="TC09_GetRoleAgents" time="1.22"/>
  <testcase classname="PackageAccessQue.allPagesAPIresponse" name="TC010_GetProjectID" time="1.224"/>
  <testcase classname="PackageAccessQue.allPagesAPIresponse" name="TC011_AGENTS" time="1.156"/>
  <testcase classname="PackageAccessQue.allPagesAPIresponse" name="TC012_RoleCompany" time="1.187"/>
  <testcase classname="PackageAccessQue.allPagesAPIresponse" name="TC013_ProjectAdmin" time="1.115"/>
  <testcase classname="PackageAccessQue.allPagesAPIresponse" name="TC014_GetGBPAgents" time="1.206"/>
  <testcase classname="PackageAccessQue.allPagesAPIresponse" name="TC015_GetSideMenuRole" time="1.157"/>
  <testcase classname="PackageAccessQue.allPagesAPIresponse" name="TC016_GetTopBarCRM" time="2.245"/>
  <testcase classname="PackageAccessQue.allPagesAPIresponse" name="TC017_GetDashboardLeads2" time="61.169"/>
  <testcase classname="PackageAccessQue.allPagesAPIresponse" name="TC018_CRMAgents" time="1.285"/>
  <testcase classname="PackageAccessQue.allPagesAPIresponse" name="TC019_GetAWSSignInURL" time="1.127"/>
  <testcase classname="PackageAccessQue.allPagesAPIresponse" name="TC020_UnReadNotificationCount" time="1.2"/>
  <testcase classname="PackageAccessQue.allPagesAPIresponse" name="TC021_GetCompanies" time="1.182"/>
  <testcase classname="PackageAccessQue.allPagesAPIresponse" name="TC022_AgentLogin" time="1.202"/>
  <testcase classname="PackageAccessQue.allPagesAPIresponse" name="TC023_WSchannels" time="1.106"/>
  <testcase classname="PackageAccessQue.allPagesAPIresponse" name="TC024_AgentChatAgentChannels" time="1.16"/>
  <testcase classname="PackageAccessQue.allPagesAPIresponse" name="TC025_UpdateStatus" time="1.144"/>
  <testcase classname="PackageAccessQue.allPagesAPIresponse" name="TC026_ListofUniversities" time="1.236"/>
  <testcase classname="PackageAccessQue.allPagesAPIresponse" name="TC027_RefGetTopBarReferers" time="1.105"/>
  <testcase classname="PackageAccessQue.allPagesAPIresponse" name="TC028_GetRefereredLeads" time="1.841"/>
  <testcase classname="PackageAccessQue.allPagesAPIresponse" name="TC029_GetRunReports" time="1.222"/>
  <testcase classname="PackageAccessQue.allPagesAPIresponse" name="TC030_GetRealTimeCountryReports" time="1.756"/>
  <testcase classname="PackageAccessQue.allPagesAPIresponse" name="TC031_GetRealTimeCountryReportsCHART" time="1.44"/>
  <testcase classname="PackageAccessQue.allPagesAPIresponse" name="TC032_BiAnaReportsProjectList" time="1.187"/>
  <testcase classname="PackageAccessQue.allPagesAPIresponse" name="TC033_BiAnaGetListOfPrograms" time="1.143"/>
  <testcase classname="PackageAccessQue.allPagesAPIresponse" name="TC034_EnrollmentsTermsList" time="1.144"/>
  <testcase classname="PackageAccessQue.allPagesAPIresponse" name="TC035_ApplicationList" time="1.162"/>
  <testcase classname="PackageAccessQue.allPagesAPIresponse" name="TC035_EnrollmentsYearsList" time="1.14"/>
</testsuite> <!-- AccessqueApiResponseReport -->
